2025-02-12 19:07:27,791 [INFO] Activator:176 - 


2025-02-12 19:07:27,793 [INFO] Activator:177 - !SESSION log4j initialized
2025-02-12 19:07:35,797 [INFO] LogOutputStream:77 - [STDOUT_REDIRECT] 
2025-02-12 19:07:37,421 [INFO] ApplicationProperties:184 - Using Application install path: C:\ST\STM32CubeIDE_1.17.0\STM32CubeIDE\plugins\com.st.stm32cube.common.mx_6.13.0.202411220809
2025-02-12 19:07:37,452 [INFO] DbMcusXml:78 - Set database path to: C:\ST\STM32CubeIDE_1.17.0\STM32CubeIDE\plugins\com.st.stm32cube.common.mx_6.13.0.202411220809\\db\/mcu/
2025-02-12 19:07:37,453 [INFO] ApiDb:274 - Set plugin database path to: C:\ST\STM32CubeIDE_1.17.0\STM32CubeIDE\plugins\com.st.stm32cube.common.mx_6.13.0.202411220809\\db\/plugins/boardmanager/
2025-02-12 19:07:37,454 [WARN] ApiDb:259 - Overriding images path with different value:  => C:\ST\STM32CubeIDE_1.17.0\STM32CubeIDE\plugins\com.st.stm32cube.common.mx_6.13.0.202411220809\\db\/plugins/mcufinder/images/
2025-02-12 19:07:37,470 [INFO] ApiDb:250 - Set database path to: C:\Users\young\.stmcufinder\plugins\mcufinder//mcu/
2025-02-12 19:07:37,473 [INFO] DbMcusAds:125 - Set database path to: C:\Users\young\.stmcufinder\plugins\mcufinder//mcu/
2025-02-12 19:07:37,479 [INFO] CrossReferenceDbSqlite:203 - Set database path to: C:\Users\young\.stmcufinder\plugins\mcufinder//mcu/cs/
2025-02-12 19:07:37,758 [INFO] RulesReader:64 - Compatibility file has been processed (297 Rules)
2025-02-12 19:07:37,937 [INFO] DbMcusXml:78 - Set database path to: C:\ST\STM32CubeIDE_1.17.0\STM32CubeIDE\plugins\com.st.stm32cube.common.mx_6.13.0.202411220809\\db\/mcu/
2025-02-12 19:07:37,938 [INFO] ApiDb:274 - Set plugin database path to: C:\ST\STM32CubeIDE_1.17.0\STM32CubeIDE\plugins\com.st.stm32cube.common.mx_6.13.0.202411220809\\db\/plugins/boardmanager/
2025-02-12 19:07:37,938 [INFO] ApiDb:261 - Set plugin images path to: C:\ST\STM32CubeIDE_1.17.0\STM32CubeIDE\plugins\com.st.stm32cube.common.mx_6.13.0.202411220809\\db\/plugins/mcufinder/images/
2025-02-12 19:07:37,938 [WARN] DbFile:41 - Overriding database path with different value: C:\Users\young\.stmcufinder\plugins\mcufinder/ => C:\Users\young\.stmcufinder\plugins\mcufinder
2025-02-12 19:07:37,939 [INFO] ApiDb:250 - Set database path to: C:\Users\young\.stmcufinder\plugins\mcufinder//mcu/
2025-02-12 19:07:37,939 [WARN] DbFile:41 - Overriding database path with different value: C:\Users\young\.stmcufinder\plugins\mcufinder/ => C:\Users\young\.stmcufinder\plugins\mcufinder
2025-02-12 19:07:37,939 [INFO] DbMcusAds:125 - Set database path to: C:\Users\young\.stmcufinder\plugins\mcufinder//mcu/
2025-02-12 19:07:37,939 [WARN] DbFile:41 - Overriding database path with different value: C:\Users\young\.stmcufinder\plugins\mcufinder/ => C:\Users\young\.stmcufinder\plugins\mcufinder
2025-02-12 19:07:37,939 [WARN] DbFile:41 - Overriding database path with different value: C:\Users\young\.stmcufinder\plugins\mcufinder/ => C:\Users\young\.stmcufinder\plugins\mcufinder
2025-02-12 19:07:37,939 [INFO] CrossReferenceDbSqlite:203 - Set database path to: C:\Users\young\.stmcufinder\plugins\mcufinder//mcu/cs/
2025-02-12 19:07:38,071 [INFO] MainPanel:272 - HeapMemory: 268435456
2025-02-12 19:07:38,236 [INFO] DbMcusXml:78 - Set database path to: C:\ST\STM32CubeIDE_1.17.0\STM32CubeIDE\plugins\com.st.stm32cube.common.mx_6.13.0.202411220809\\db\/mcu/
2025-02-12 19:07:38,236 [INFO] ApiDb:274 - Set plugin database path to: C:\ST\STM32CubeIDE_1.17.0\STM32CubeIDE\plugins\com.st.stm32cube.common.mx_6.13.0.202411220809\\db\/plugins/boardmanager/
2025-02-12 19:07:38,236 [INFO] ApiDb:261 - Set plugin images path to: C:\ST\STM32CubeIDE_1.17.0\STM32CubeIDE\plugins\com.st.stm32cube.common.mx_6.13.0.202411220809\\db\/plugins/mcufinder/images/
2025-02-12 19:07:38,238 [WARN] DbFile:41 - Overriding database path with different value: C:\Users\young\.stmcufinder\plugins\mcufinder/ => C:\Users\young\.stmcufinder\plugins\mcufinder
2025-02-12 19:07:38,238 [INFO] ApiDb:250 - Set database path to: C:\Users\young\.stmcufinder\plugins\mcufinder//mcu/
2025-02-12 19:07:38,238 [WARN] DbFile:41 - Overriding database path with different value: C:\Users\young\.stmcufinder\plugins\mcufinder/ => C:\Users\young\.stmcufinder\plugins\mcufinder
2025-02-12 19:07:38,238 [INFO] DbMcusAds:125 - Set database path to: C:\Users\young\.stmcufinder\plugins\mcufinder//mcu/
2025-02-12 19:07:38,239 [WARN] DbFile:41 - Overriding database path with different value: C:\Users\young\.stmcufinder\plugins\mcufinder/ => C:\Users\young\.stmcufinder\plugins\mcufinder
2025-02-12 19:07:38,239 [WARN] DbFile:41 - Overriding database path with different value: C:\Users\young\.stmcufinder\plugins\mcufinder/ => C:\Users\young\.stmcufinder\plugins\mcufinder
2025-02-12 19:07:38,239 [INFO] CrossReferenceDbSqlite:203 - Set database path to: C:\Users\young\.stmcufinder\plugins\mcufinder//mcu/cs/
2025-02-12 19:07:38,266 [INFO] ApplicationProperties:184 - Using Application install path: C:\ST\STM32CubeIDE_1.17.0\STM32CubeIDE\plugins\com.st.stm32cube.common.mx_6.13.0.202411220809
2025-02-12 19:07:38,267 [INFO] PluginManage:196 - Search for loadable plugins [exclusion list=, ]
2025-02-12 19:07:38,269 [INFO] PluginManage:310 - Check plugin analytics
2025-02-12 19:07:38,657 [INFO] AnalyticsPlugin:253 - Accepted Software Licenses: 
2025-02-12 19:07:38,657 [INFO] AnalyticsPlugin:255 - Accepted CMSIS Pack Licenses: 
2025-02-12 19:07:38,658 [INFO] AnalyticsPlugin:257 - Accepted Firmware Licenses: 
2025-02-12 19:07:38,663 [INFO] PluginManage:359 - Loaded plugin analytics (category:tool,tabindex:-1)
2025-02-12 19:07:38,663 [INFO] PluginManage:310 - Check plugin cadmodel
2025-02-12 19:07:38,669 [INFO] CADModel:105 - Init CAD model plugin
2025-02-12 19:07:38,670 [INFO] PluginManage:359 - Loaded plugin cadmodel (category:power,tabindex:5)
2025-02-12 19:07:38,670 [INFO] PluginManage:310 - Check plugin clock
2025-02-12 19:07:38,681 [INFO] PluginManage:359 - Loaded plugin clock (category:base,tabindex:2)
2025-02-12 19:07:38,682 [INFO] PluginManage:310 - Check plugin ddr
2025-02-12 19:07:38,685 [INFO] PluginManage:359 - Loaded plugin ddr (category:tool,tabindex:6)
2025-02-12 19:07:38,685 [INFO] PluginManage:310 - Check plugin filemanager
2025-02-12 19:07:38,894 [INFO] PluginManage:359 - Loaded plugin filemanager (category:base,tabindex:10)
2025-02-12 19:07:38,895 [INFO] PluginManage:310 - Check plugin ipmanager
2025-02-12 19:07:38,906 [INFO] PluginManage:359 - Loaded plugin ipmanager (category:base,tabindex:5)
2025-02-12 19:07:38,906 [INFO] PluginManage:310 - Check plugin lpbam
2025-02-12 19:07:38,918 [INFO] PluginManage:359 - Loaded plugin lpbam (category:base,tabindex:0)
2025-02-12 19:07:38,918 [INFO] PluginManage:310 - Check plugin memorymap
2025-02-12 19:07:38,939 [INFO] PluginManage:359 - Loaded plugin memorymap (category:base,tabindex:4)
2025-02-12 19:07:38,940 [INFO] PluginManage:310 - Check plugin pinoutandconfiguration
2025-02-12 19:07:38,951 [INFO] PluginManage:359 - Loaded plugin pinoutandconfiguration (category:base,tabindex:1)
2025-02-12 19:07:38,951 [INFO] PluginManage:310 - Check plugin pinoutconfig
2025-02-12 19:07:39,148 [WARN] SupportedApi:132 - Cannot load RTOS API schema: s4s-elt-must-match.1: The content of 'definitions' must match (annotation?, (simpleType | complexType)?, (unique | key | keyref)*)). A problem was found starting at: attribute.
2025-02-12 19:07:39,602 [INFO] PluginManage:359 - Loaded plugin pinoutconfig (category:base,tabindex:0)
2025-02-12 19:07:39,603 [INFO] PluginManage:310 - Check plugin power
2025-02-12 19:07:39,630 [INFO] PluginManage:359 - Loaded plugin power (category:power,tabindex:4)
2025-02-12 19:07:39,631 [INFO] PluginManage:310 - Check plugin projectmanager
2025-02-12 19:07:39,702 [INFO] PluginManage:359 - Loaded plugin projectmanager (category:projectmanager,tabindex:4)
2025-02-12 19:07:39,703 [INFO] PluginManage:310 - Check plugin rif
2025-02-12 19:07:39,726 [INFO] PluginManage:359 - Loaded plugin rif (category:base,tabindex:3)
2025-02-12 19:07:39,726 [INFO] PluginManage:310 - Check plugin thirdparty
2025-02-12 19:07:40,085 [WARN] IntegrityCheckThread:84 - waiting for thirdparty lock release [integrity check]
2025-02-12 19:07:40,089 [INFO] IntegrityCheckThread:86 - entering critical section [integrity check]
2025-02-12 19:07:40,085 [INFO] PluginManage:359 - Loaded plugin thirdparty (category:base,tabindex:-1)
2025-02-12 19:07:40,090 [INFO] ThirdPartyUpdaterWithRetryManager:70 - Updater plugin not ready yet. [1/15]
2025-02-12 19:07:40,090 [INFO] PluginManage:310 - Check plugin tools
2025-02-12 19:07:40,096 [INFO] PluginManage:359 - Loaded plugin tools (category:base,tabindex:7)
2025-02-12 19:07:40,097 [INFO] PluginManage:310 - Check plugin tutovideos
2025-02-12 19:07:40,578 [INFO] PluginManage:359 - Loaded plugin tutovideos (category:base,tabindex:-1)
2025-02-12 19:07:40,579 [INFO] PluginManage:310 - Check plugin updater
2025-02-12 19:07:40,682 [INFO] UserAuth:118 - Init User Auth plugin
2025-02-12 19:40:24,321 [INFO] Activator:176 - 


2025-02-12 19:40:24,324 [INFO] Activator:177 - !SESSION log4j initialized
2025-02-12 19:40:31,672 [INFO] LogOutputStream:77 - [STDOUT_REDIRECT] 
2025-02-12 19:40:32,900 [INFO] ApplicationProperties:184 - Using Application install path: C:\ST\STM32CubeIDE_1.17.0\STM32CubeIDE\plugins\com.st.stm32cube.common.mx_6.13.0.202411220809
2025-02-12 19:40:32,916 [INFO] DbMcusXml:78 - Set database path to: C:\ST\STM32CubeIDE_1.17.0\STM32CubeIDE\plugins\com.st.stm32cube.common.mx_6.13.0.202411220809\\db\/mcu/
2025-02-12 19:40:32,916 [INFO] ApiDb:274 - Set plugin database path to: C:\ST\STM32CubeIDE_1.17.0\STM32CubeIDE\plugins\com.st.stm32cube.common.mx_6.13.0.202411220809\\db\/plugins/boardmanager/
2025-02-12 19:40:32,917 [WARN] ApiDb:259 - Overriding images path with different value:  => C:\ST\STM32CubeIDE_1.17.0\STM32CubeIDE\plugins\com.st.stm32cube.common.mx_6.13.0.202411220809\\db\/plugins/mcufinder/images/
2025-02-12 19:40:32,925 [INFO] ApiDb:250 - Set database path to: C:\Users\young\.stmcufinder\plugins\mcufinder//mcu/
2025-02-12 19:40:32,926 [INFO] DbMcusAds:125 - Set database path to: C:\Users\young\.stmcufinder\plugins\mcufinder//mcu/
2025-02-12 19:40:32,929 [INFO] CrossReferenceDbSqlite:203 - Set database path to: C:\Users\young\.stmcufinder\plugins\mcufinder//mcu/cs/
2025-02-12 19:40:33,048 [INFO] RulesReader:64 - Compatibility file has been processed (297 Rules)
2025-02-12 19:40:33,132 [INFO] DbMcusXml:78 - Set database path to: C:\ST\STM32CubeIDE_1.17.0\STM32CubeIDE\plugins\com.st.stm32cube.common.mx_6.13.0.202411220809\\db\/mcu/
2025-02-12 19:40:33,132 [INFO] ApiDb:274 - Set plugin database path to: C:\ST\STM32CubeIDE_1.17.0\STM32CubeIDE\plugins\com.st.stm32cube.common.mx_6.13.0.202411220809\\db\/plugins/boardmanager/
2025-02-12 19:40:33,132 [INFO] ApiDb:261 - Set plugin images path to: C:\ST\STM32CubeIDE_1.17.0\STM32CubeIDE\plugins\com.st.stm32cube.common.mx_6.13.0.202411220809\\db\/plugins/mcufinder/images/
2025-02-12 19:40:33,132 [WARN] DbFile:41 - Overriding database path with different value: C:\Users\young\.stmcufinder\plugins\mcufinder/ => C:\Users\young\.stmcufinder\plugins\mcufinder
2025-02-12 19:40:33,132 [INFO] ApiDb:250 - Set database path to: C:\Users\young\.stmcufinder\plugins\mcufinder//mcu/
2025-02-12 19:40:33,132 [WARN] DbFile:41 - Overriding database path with different value: C:\Users\young\.stmcufinder\plugins\mcufinder/ => C:\Users\young\.stmcufinder\plugins\mcufinder
2025-02-12 19:40:33,132 [INFO] DbMcusAds:125 - Set database path to: C:\Users\young\.stmcufinder\plugins\mcufinder//mcu/
2025-02-12 19:40:33,132 [WARN] DbFile:41 - Overriding database path with different value: C:\Users\young\.stmcufinder\plugins\mcufinder/ => C:\Users\young\.stmcufinder\plugins\mcufinder
2025-02-12 19:40:33,133 [WARN] DbFile:41 - Overriding database path with different value: C:\Users\young\.stmcufinder\plugins\mcufinder/ => C:\Users\young\.stmcufinder\plugins\mcufinder
2025-02-12 19:40:33,133 [INFO] CrossReferenceDbSqlite:203 - Set database path to: C:\Users\young\.stmcufinder\plugins\mcufinder//mcu/cs/
2025-02-12 19:40:33,209 [INFO] MainPanel:272 - HeapMemory: 268435456
2025-02-12 19:40:33,318 [INFO] DbMcusXml:78 - Set database path to: C:\ST\STM32CubeIDE_1.17.0\STM32CubeIDE\plugins\com.st.stm32cube.common.mx_6.13.0.202411220809\\db\/mcu/
2025-02-12 19:40:33,318 [INFO] ApiDb:274 - Set plugin database path to: C:\ST\STM32CubeIDE_1.17.0\STM32CubeIDE\plugins\com.st.stm32cube.common.mx_6.13.0.202411220809\\db\/plugins/boardmanager/
2025-02-12 19:40:33,318 [INFO] ApiDb:261 - Set plugin images path to: C:\ST\STM32CubeIDE_1.17.0\STM32CubeIDE\plugins\com.st.stm32cube.common.mx_6.13.0.202411220809\\db\/plugins/mcufinder/images/
2025-02-12 19:40:33,320 [WARN] DbFile:41 - Overriding database path with different value: C:\Users\young\.stmcufinder\plugins\mcufinder/ => C:\Users\young\.stmcufinder\plugins\mcufinder
2025-02-12 19:40:33,320 [INFO] ApiDb:250 - Set database path to: C:\Users\young\.stmcufinder\plugins\mcufinder//mcu/
2025-02-12 19:40:33,320 [WARN] DbFile:41 - Overriding database path with different value: C:\Users\young\.stmcufinder\plugins\mcufinder/ => C:\Users\young\.stmcufinder\plugins\mcufinder
2025-02-12 19:40:33,320 [INFO] DbMcusAds:125 - Set database path to: C:\Users\young\.stmcufinder\plugins\mcufinder//mcu/
2025-02-12 19:40:33,320 [WARN] DbFile:41 - Overriding database path with different value: C:\Users\young\.stmcufinder\plugins\mcufinder/ => C:\Users\young\.stmcufinder\plugins\mcufinder
2025-02-12 19:40:33,320 [WARN] DbFile:41 - Overriding database path with different value: C:\Users\young\.stmcufinder\plugins\mcufinder/ => C:\Users\young\.stmcufinder\plugins\mcufinder
2025-02-12 19:40:33,320 [INFO] CrossReferenceDbSqlite:203 - Set database path to: C:\Users\young\.stmcufinder\plugins\mcufinder//mcu/cs/
2025-02-12 19:40:33,339 [INFO] ApplicationProperties:184 - Using Application install path: C:\ST\STM32CubeIDE_1.17.0\STM32CubeIDE\plugins\com.st.stm32cube.common.mx_6.13.0.202411220809
2025-02-12 19:40:33,341 [INFO] PluginManage:196 - Search for loadable plugins [exclusion list=, ]
2025-02-12 19:40:33,343 [INFO] PluginManage:310 - Check plugin analytics
2025-02-12 19:40:33,535 [INFO] AnalyticsPlugin:253 - Accepted Software Licenses: 
2025-02-12 19:40:33,535 [INFO] AnalyticsPlugin:255 - Accepted CMSIS Pack Licenses: 
2025-02-12 19:40:33,536 [INFO] AnalyticsPlugin:257 - Accepted Firmware Licenses: 
2025-02-12 19:40:33,538 [INFO] PluginManage:359 - Loaded plugin analytics (category:tool,tabindex:-1)
2025-02-12 19:40:33,539 [INFO] PluginManage:310 - Check plugin cadmodel
2025-02-12 19:40:33,546 [INFO] CADModel:105 - Init CAD model plugin
2025-02-12 19:40:33,546 [INFO] PluginManage:359 - Loaded plugin cadmodel (category:power,tabindex:5)
2025-02-12 19:40:33,546 [INFO] PluginManage:310 - Check plugin clock
2025-02-12 19:40:33,557 [INFO] PluginManage:359 - Loaded plugin clock (category:base,tabindex:2)
2025-02-12 19:40:33,557 [INFO] PluginManage:310 - Check plugin ddr
2025-02-12 19:40:33,560 [INFO] PluginManage:359 - Loaded plugin ddr (category:tool,tabindex:6)
2025-02-12 19:40:33,560 [INFO] PluginManage:310 - Check plugin filemanager
2025-02-12 19:40:33,715 [INFO] PluginManage:359 - Loaded plugin filemanager (category:base,tabindex:10)
2025-02-12 19:40:33,715 [INFO] PluginManage:310 - Check plugin ipmanager
2025-02-12 19:40:33,726 [INFO] PluginManage:359 - Loaded plugin ipmanager (category:base,tabindex:5)
2025-02-12 19:40:33,726 [INFO] PluginManage:310 - Check plugin lpbam
2025-02-12 19:40:33,736 [INFO] PluginManage:359 - Loaded plugin lpbam (category:base,tabindex:0)
2025-02-12 19:40:33,736 [INFO] PluginManage:310 - Check plugin memorymap
2025-02-12 19:40:33,753 [INFO] PluginManage:359 - Loaded plugin memorymap (category:base,tabindex:4)
2025-02-12 19:40:33,753 [INFO] PluginManage:310 - Check plugin pinoutandconfiguration
2025-02-12 19:40:33,764 [INFO] PluginManage:359 - Loaded plugin pinoutandconfiguration (category:base,tabindex:1)
2025-02-12 19:40:33,764 [INFO] PluginManage:310 - Check plugin pinoutconfig
2025-02-12 19:40:33,868 [WARN] SupportedApi:132 - Cannot load RTOS API schema: s4s-elt-must-match.1: The content of 'definitions' must match (annotation?, (simpleType | complexType)?, (unique | key | keyref)*)). A problem was found starting at: attribute.
2025-02-12 19:40:34,048 [INFO] PluginManage:359 - Loaded plugin pinoutconfig (category:base,tabindex:0)
2025-02-12 19:40:34,048 [INFO] PluginManage:310 - Check plugin power
2025-02-12 19:40:34,063 [INFO] PluginManage:359 - Loaded plugin power (category:power,tabindex:4)
2025-02-12 19:40:34,063 [INFO] PluginManage:310 - Check plugin projectmanager
2025-02-12 19:40:34,087 [INFO] PluginManage:359 - Loaded plugin projectmanager (category:projectmanager,tabindex:4)
2025-02-12 19:40:34,087 [INFO] PluginManage:310 - Check plugin rif
2025-02-12 19:40:34,097 [INFO] PluginManage:359 - Loaded plugin rif (category:base,tabindex:3)
2025-02-12 19:40:34,097 [INFO] PluginManage:310 - Check plugin thirdparty
2025-02-12 19:40:34,281 [INFO] PluginManage:359 - Loaded plugin thirdparty (category:base,tabindex:-1)
2025-02-12 19:40:34,281 [WARN] IntegrityCheckThread:84 - waiting for thirdparty lock release [integrity check]
2025-02-12 19:40:34,281 [INFO] PluginManage:310 - Check plugin tools
2025-02-12 19:40:34,281 [INFO] IntegrityCheckThread:86 - entering critical section [integrity check]
2025-02-12 19:40:34,282 [INFO] ThirdPartyUpdaterWithRetryManager:70 - Updater plugin not ready yet. [1/15]
2025-02-12 19:40:34,286 [INFO] PluginManage:359 - Loaded plugin tools (category:base,tabindex:7)
2025-02-12 19:40:34,286 [INFO] PluginManage:310 - Check plugin tutovideos
2025-02-12 19:40:34,493 [INFO] PluginManage:359 - Loaded plugin tutovideos (category:base,tabindex:-1)
2025-02-12 19:40:34,493 [INFO] PluginManage:310 - Check plugin updater
2025-02-12 19:40:34,517 [INFO] PluginManage:359 - Loaded plugin updater (category:base,tabindex:12)
2025-02-12 19:40:34,517 [INFO] PluginManage:310 - Check plugin userauth
2025-02-12 19:40:34,522 [INFO] UserAuth:118 - Init User Auth plugin
2025-02-12 19:40:34,522 [INFO] PluginManage:359 - Loaded plugin userauth (category:base,tabindex:14)
2025-02-12 19:40:34,523 [INFO] PluginManage:283 - PluginManage : Loaded plugins [18]
2025-02-12 19:40:34,766 [INFO] PinOutPanel:1589 - setPackage(No Configuration,No Configuration)
2025-02-12 19:40:34,878 [INFO] CADModel:165 - CPN selected for project level
2025-02-12 19:40:34,878 [INFO] CADModel:114 - Register for checkConnection events
2025-02-12 19:40:34,900 [INFO] IPUIPlugin:80 - create IPUIPlugin
2025-02-12 19:40:34,901 [INFO] PluginManager:220 - loadIPPluginJar : add adc
2025-02-12 19:40:34,905 [INFO] IPUIPlugin:80 - create IPUIPlugin
2025-02-12 19:40:34,905 [INFO] PluginManager:220 - loadIPPluginJar : add aes
2025-02-12 19:40:34,910 [INFO] IPUIPlugin:80 - create IPUIPlugin
2025-02-12 19:40:34,910 [INFO] PluginManager:220 - loadIPPluginJar : add can
2025-02-12 19:40:34,913 [INFO] IPUIPlugin:80 - create IPUIPlugin
2025-02-12 19:40:34,914 [INFO] PluginManager:220 - loadIPPluginJar : add comp
2025-02-12 19:40:34,918 [INFO] IPUIPlugin:80 - create IPUIPlugin
2025-02-12 19:40:34,919 [INFO] PluginManager:220 - loadIPPluginJar : add cryp
2025-02-12 19:40:34,923 [INFO] IPUIPlugin:80 - create IPUIPlugin
2025-02-12 19:40:34,923 [INFO] PluginManager:220 - loadIPPluginJar : add ddr_ctrl_phy
2025-02-12 19:40:34,927 [INFO] IPUIPlugin:80 - create IPUIPlugin
2025-02-12 19:40:34,927 [INFO] PluginManager:220 - loadIPPluginJar : add dfsdm
2025-02-12 19:40:34,934 [INFO] IPUIPlugin:80 - create IPUIPlugin
2025-02-12 19:40:34,935 [INFO] PluginManager:220 - loadIPPluginJar : add dma
2025-02-12 19:40:34,940 [INFO] IPUIPlugin:80 - create IPUIPlugin
2025-02-12 19:40:34,940 [INFO] PluginManager:220 - loadIPPluginJar : add dma3
2025-02-12 19:40:34,944 [INFO] IPUIPlugin:80 - create IPUIPlugin
2025-02-12 19:40:34,944 [INFO] PluginManager:220 - loadIPPluginJar : add extmemmanager
2025-02-12 19:40:34,946 [INFO] IPUIPlugin:80 - create IPUIPlugin
2025-02-12 19:40:34,946 [INFO] PluginManager:220 - loadIPPluginJar : add fatfs
2025-02-12 19:40:34,954 [INFO] IPUIPlugin:80 - create IPUIPlugin
2025-02-12 19:40:34,955 [INFO] PluginManager:220 - loadIPPluginJar : add fmc
2025-02-12 19:40:34,967 [INFO] IPUIPlugin:80 - create IPUIPlugin
2025-02-12 19:40:34,968 [INFO] PluginManager:220 - loadIPPluginJar : add freertos
2025-02-12 19:40:34,970 [INFO] IPUIPlugin:80 - create IPUIPlugin
2025-02-12 19:40:34,970 [INFO] PluginManager:220 - loadIPPluginJar : add genericplugin
2025-02-12 19:40:34,974 [INFO] IPUIPlugin:80 - create IPUIPlugin
2025-02-12 19:40:34,974 [INFO] PluginManager:220 - loadIPPluginJar : add gfxmmu
2025-02-12 19:40:34,981 [INFO] IPUIPlugin:80 - create IPUIPlugin
2025-02-12 19:40:34,982 [INFO] PluginManager:220 - loadIPPluginJar : add gic
2025-02-12 19:40:34,989 [INFO] IPUIPlugin:80 - create IPUIPlugin
2025-02-12 19:40:34,989 [INFO] PluginManager:220 - loadIPPluginJar : add gpio
2025-02-12 19:40:34,994 [INFO] IPUIPlugin:80 - create IPUIPlugin
2025-02-12 19:40:34,994 [INFO] PluginManager:220 - loadIPPluginJar : add gtzc
2025-02-12 19:40:34,998 [INFO] IPUIPlugin:80 - create IPUIPlugin
2025-02-12 19:40:34,998 [INFO] PluginManager:220 - loadIPPluginJar : add hash
2025-02-12 19:40:35,001 [INFO] IPUIPlugin:80 - create IPUIPlugin
2025-02-12 19:40:35,001 [INFO] PluginManager:220 - loadIPPluginJar : add i2c
2025-02-12 19:40:35,006 [INFO] IPUIPlugin:80 - create IPUIPlugin
2025-02-12 19:40:35,006 [INFO] PluginManager:220 - loadIPPluginJar : add i2s
2025-02-12 19:40:35,011 [INFO] IPUIPlugin:80 - create IPUIPlugin
2025-02-12 19:40:35,011 [INFO] PluginManager:220 - loadIPPluginJar : add i3c
2025-02-12 19:40:35,016 [INFO] IPUIPlugin:80 - create IPUIPlugin
2025-02-12 19:40:35,017 [INFO] PluginManager:220 - loadIPPluginJar : add ipddr
2025-02-12 19:40:35,025 [INFO] IPUIPlugin:80 - create IPUIPlugin
2025-02-12 19:40:35,025 [INFO] PluginManager:220 - loadIPPluginJar : add linkedlist
2025-02-12 19:40:35,030 [INFO] IPUIPlugin:80 - create IPUIPlugin
2025-02-12 19:40:35,031 [INFO] PluginManager:220 - loadIPPluginJar : add lorawan
2025-02-12 19:40:35,034 [INFO] IPUIPlugin:80 - create IPUIPlugin
2025-02-12 19:40:35,034 [INFO] PluginManager:220 - loadIPPluginJar : add ltdc
2025-02-12 19:40:35,044 [INFO] IPUIPlugin:80 - create IPUIPlugin
2025-02-12 19:40:35,045 [INFO] PluginManager:220 - loadIPPluginJar : add mdma
2025-02-12 19:40:35,053 [INFO] IPUIPlugin:80 - create IPUIPlugin
2025-02-12 19:40:35,053 [INFO] PluginManager:220 - loadIPPluginJar : add nvic
2025-02-12 19:40:35,058 [INFO] IPUIPlugin:80 - create IPUIPlugin
2025-02-12 19:40:35,058 [INFO] PluginManager:220 - loadIPPluginJar : add opamp
2025-02-12 19:40:35,064 [INFO] IPUIPlugin:80 - create IPUIPlugin
2025-02-12 19:40:35,064 [INFO] PluginManager:220 - loadIPPluginJar : add openamp
2025-02-12 19:40:35,068 [INFO] IPUIPlugin:80 - create IPUIPlugin
2025-02-12 19:40:35,068 [INFO] PluginManager:220 - loadIPPluginJar : add pdm2pcm
2025-02-12 19:40:35,077 [INFO] IPUIPlugin:80 - create IPUIPlugin
2025-02-12 19:40:35,081 [INFO] PluginManager:220 - loadIPPluginJar : add plateformsettings
2025-02-12 19:40:35,083 [INFO] IPUIPlugin:80 - create IPUIPlugin
2025-02-12 19:40:35,084 [INFO] PluginManager:220 - loadIPPluginJar : add quadspi
2025-02-12 19:40:35,087 [INFO] IPUIPlugin:80 - create IPUIPlugin
2025-02-12 19:40:35,088 [INFO] PluginManager:220 - loadIPPluginJar : add radio
2025-02-12 19:40:35,095 [INFO] IPUIPlugin:80 - create IPUIPlugin
2025-02-12 19:40:35,095 [INFO] PluginManager:220 - loadIPPluginJar : add resmgrutility
2025-02-12 19:40:35,100 [INFO] IPUIPlugin:80 - create IPUIPlugin
2025-02-12 19:40:35,100 [INFO] PluginManager:220 - loadIPPluginJar : add sai
2025-02-12 19:40:35,104 [INFO] IPUIPlugin:80 - create IPUIPlugin
2025-02-12 19:40:35,104 [INFO] PluginManager:220 - loadIPPluginJar : add spi
2025-02-12 19:40:35,113 [INFO] IPUIPlugin:80 - create IPUIPlugin
2025-02-12 19:40:35,113 [INFO] PluginManager:220 - loadIPPluginJar : add stm32_wpan
2025-02-12 19:40:35,117 [INFO] IPUIPlugin:80 - create IPUIPlugin
2025-02-12 19:40:35,117 [INFO] PluginManager:220 - loadIPPluginJar : add tim
2025-02-12 19:40:35,121 [INFO] IPUIPlugin:80 - create IPUIPlugin
2025-02-12 19:40:35,122 [INFO] PluginManager:220 - loadIPPluginJar : add touchsensing
2025-02-12 19:40:35,125 [INFO] IPUIPlugin:80 - create IPUIPlugin
2025-02-12 19:40:35,125 [INFO] PluginManager:220 - loadIPPluginJar : add tracer_emb
2025-02-12 19:40:35,130 [INFO] IPUIPlugin:80 - create IPUIPlugin
2025-02-12 19:40:35,130 [INFO] PluginManager:220 - loadIPPluginJar : add ts
2025-02-12 19:40:35,133 [INFO] IPUIPlugin:80 - create IPUIPlugin
2025-02-12 19:40:35,133 [INFO] PluginManager:220 - loadIPPluginJar : add tsc
2025-02-12 19:40:35,138 [INFO] IPUIPlugin:80 - create IPUIPlugin
2025-02-12 19:40:35,138 [INFO] PluginManager:220 - loadIPPluginJar : add ucpd
2025-02-12 19:40:35,142 [INFO] IPUIPlugin:80 - create IPUIPlugin
2025-02-12 19:40:35,142 [INFO] PluginManager:220 - loadIPPluginJar : add usart
2025-02-12 19:40:35,146 [INFO] IPUIPlugin:80 - create IPUIPlugin
2025-02-12 19:40:35,146 [INFO] PluginManager:220 - loadIPPluginJar : add usbx
2025-02-12 19:40:35,303 [FATAL] Updater:351 - Updater called before beeing initialized
2025-02-12 19:40:35,332 [INFO] RulesReader:64 - Compatibility file has been processed (297 Rules)
2025-02-12 19:40:35,345 [INFO] RulesReader:64 - Compatibility file has been processed (297 Rules)
2025-02-12 19:40:35,356 [INFO] CADModel:165 - CPN selected for project level
2025-02-12 19:40:35,356 [INFO] CADModel:114 - Register for checkConnection events
2025-02-12 19:40:35,357 [FATAL] Updater:351 - Updater called before beeing initialized
2025-02-12 19:40:35,357 [ERROR] CADModel:125 - Updater not yet initialized, retry later 
2025-02-12 19:40:35,548 [FATAL] Updater:351 - Updater called before beeing initialized
2025-02-12 19:40:35,551 [INFO] CADModel:165 - CPN selected for project level
2025-02-12 19:40:35,551 [INFO] CADModel:114 - Register for checkConnection events
2025-02-12 19:40:35,551 [FATAL] Updater:351 - Updater called before beeing initialized
2025-02-12 19:40:35,551 [ERROR] CADModel:125 - Updater not yet initialized, retry later 
2025-02-12 19:40:35,555 [FATAL] Updater:351 - Updater called before beeing initialized
2025-02-12 19:40:35,693 [FATAL] Updater:351 - Updater called before beeing initialized
2025-02-12 19:40:35,700 [INFO] DbMcusAds:53 - JSON generation date=Tue Dec 17 09:01:15 MST 2024 (1734451275111)
2025-02-12 19:40:35,700 [FATAL] Updater:351 - Updater called before beeing initialized
2025-02-12 19:40:35,755 [WARN] DetailPanel:346 - Failed to get advertising image, set to default
2025-02-12 19:40:36,098 [FATAL] Updater:351 - Updater called before beeing initialized
2025-02-12 19:40:36,100 [FATAL] Updater:351 - Updater called before beeing initialized
2025-02-12 19:40:36,100 [FATAL] Updater:351 - Updater called before beeing initialized
2025-02-12 19:40:36,101 [WARN] DetailPanel:346 - Failed to get advertising image, set to default
2025-02-12 19:40:36,102 [FATAL] Updater:351 - Updater called before beeing initialized
2025-02-12 19:40:36,156 [ERROR] Updater:1198 - MainUpdater not yet initialized. External WinMGr cannot be set.
2025-02-12 19:40:36,160 [INFO] Updater:1134 - Updater Version found : 6.13.0
2025-02-12 19:40:36,182 [INFO] ApplicationProperties:184 - Using Application install path: C:\ST\STM32CubeIDE_1.17.0\STM32CubeIDE\plugins\com.st.stm32cube.common.mx_6.13.0.202411220809
2025-02-12 19:40:37,283 [INFO] ThirdPartyUpdaterWithRetryManager:70 - Updater plugin not ready yet. [2/15]
2025-02-12 19:40:37,765 [ERROR] LogOutputStream:75 - [STDERR_REDIRECT] Feb 12, 2025 7:40:37 PM java.util.prefs.WindowsPreferences <init>
2025-02-12 19:40:37,766 [ERROR] LogOutputStream:75 - [STDERR_REDIRECT] WARNING: Could not open/create prefs root node Software\JavaSoft\Prefs at root 0xffffffff80000002. Windows RegCreateKeyEx(...) returned error code 5.
2025-02-12 19:40:37,766 [ERROR] LogOutputStream:75 - [STDERR_REDIRECT] 
2025-02-12 19:40:38,224 [INFO] MainUpdater:2872 - connection check result : 10
2025-02-12 19:40:38,225 [INFO] MainUpdater:289 - Updater Check For Update Now.
2025-02-12 19:40:38,225 [INFO] MicroXplorer:498 - Change Database Version : DB.6.0.130
2025-02-12 19:40:38,232 [INFO] McuFinderGlobals:63 - Set McuFinder mode to 2 (CubeIDE integrated)
2025-02-12 19:40:38,232 [INFO] UserAuth:171 - activating auth plugin
2025-02-12 19:40:38,237 [INFO] UserAuth:486 - Internet connection configuration mode: 1
2025-02-12 19:40:38,282 [INFO] JxBrowserEngine:152 - Initiate JxBrowser Engine with user profile folder
2025-02-12 19:40:38,440 [INFO] CheckServerUpdateThread:120 - End of CheckServer Thread
2025-02-12 19:40:39,634 [INFO] WebApp:168 - Instantiating new browser for Auth
2025-02-12 19:40:40,740 [WARN] PackLoader:240 - Cannot read IP mode file for STMicroelectronics.FP-SNS-MOTENVWB1.1.4.0
2025-02-12 19:40:40,760 [WARN] PackLoader:240 - Cannot read IP mode file for STMicroelectronics.FP-ATR-ASTRA1.2.0.1
2025-02-12 19:40:40,794 [WARN] PackLoader:240 - Cannot read IP mode file for STMicroelectronics.X-CUBE-SMBUS.2.1.0
2025-02-12 19:40:40,817 [WARN] PackLoader:240 - Cannot read IP mode file for STMicroelectronics.X-CUBE-WB05N.1.1.0
2025-02-12 19:40:40,893 [WARN] PackLoader:240 - Cannot read IP mode file for STMicroelectronics.X-CUBE-AZRTOS-F7.1.1.0
2025-02-12 19:40:40,915 [WARN] PackLoader:240 - Cannot read IP mode file for STMicroelectronics.FP-SNS-FLIGHT1.5.0.2
2025-02-12 19:40:40,973 [WARN] PackLoader:240 - Cannot read IP mode file for Infineon.AIROC-Wi-Fi-Bluetooth-STM32.1.7.0
2025-02-12 19:40:41,004 [WARN] PackLoader:240 - Cannot read IP mode file for STMicroelectronics.X-CUBE-DISPLAY.3.0.0
2025-02-12 19:40:41,049 [WARN] PackLoader:240 - Cannot read IP mode file for STMicroelectronics.X-CUBE-BLE1.7.0.0
2025-02-12 19:40:41,068 [WARN] PackLoader:240 - Cannot read IP mode file for STMicroelectronics.X-CUBE-NFC10.1.0.0
2025-02-12 19:40:41,096 [WARN] PackLoader:240 - Cannot read IP mode file for STMicroelectronics.X-CUBE-BLEMGR.4.0.0
2025-02-12 19:40:41,118 [WARN] PackLoader:240 - Cannot read IP mode file for emotas.I-CUBE-CANOPEN.1.3.0
2025-02-12 19:40:41,130 [WARN] PackLoader:240 - Cannot read IP mode file for STMicroelectronics.X-CUBE-AI.10.0.0
2025-02-12 19:40:41,143 [WARN] PackLoader:240 - Cannot read IP mode file for STMicroelectronics.FP-SNS-SMARTAG2.1.2.0
2025-02-12 19:40:41,316 [WARN] PackLoader:240 - Cannot read IP mode file for STMicroelectronics.X-CUBE-MEMS1.11.1.0
2025-02-12 19:40:41,778 [INFO] WebApp:449 - Apply proxy settings
2025-02-12 19:40:41,779 [INFO] WebApp:534 - Chromium requires no authentication
2025-02-12 19:40:41,804 [INFO] WebApp:477 - Direct internet connection detected
2025-02-12 19:40:41,832 [INFO] LogOutputStream:77 - [STDOUT_REDIRECT] 1 : Invalid condition id : UX_CORESTACK_Condition cause : null
2025-02-12 19:40:41,835 [INFO] LogOutputStream:77 - [STDOUT_REDIRECT] 1 : Invalid condition id : UX_CORESTACK_Condition cause : null
2025-02-12 19:40:41,839 [INFO] LogOutputStream:77 - [STDOUT_REDIRECT] 1 : Invalid condition id : UX_CORESTACK_Condition cause : null
2025-02-12 19:40:41,842 [INFO] LogOutputStream:77 - [STDOUT_REDIRECT] 1 : Invalid condition id : UX_CORESTACK_Condition cause : null
2025-02-12 19:40:41,845 [INFO] LogOutputStream:77 - [STDOUT_REDIRECT] 1 : Invalid condition id : UX_CORESTACK_Condition cause : null
2025-02-12 19:40:41,853 [WARN] PackLoader:240 - Cannot read IP mode file for STMicroelectronics.X-CUBE-AZRTOS-WL.2.0.0
2025-02-12 19:40:41,867 [WARN] PackLoader:240 - Cannot read IP mode file for STMicroelectronics.FP-SNS-MOTENV1.5.0.0
2025-02-12 19:40:41,882 [WARN] PackLoader:240 - Cannot read IP mode file for wolfSSL.I-CUBE-wolfMQTT.1.19.0
2025-02-12 19:40:41,903 [WARN] PackLoader:240 - Cannot read IP mode file for WES.I-CUBE-Cesium.1.3.0
2025-02-12 19:40:41,914 [WARN] PackLoader:240 - Cannot read IP mode file for STMicroelectronics.X-CUBE-BLE2.3.3.0
2025-02-12 19:40:41,920 [INFO] WebApp:880 - Register for checkConnection events
2025-02-12 19:40:41,920 [INFO] WebApp:449 - Apply proxy settings
2025-02-12 19:40:41,921 [INFO] WebApp:534 - Chromium requires no authentication
2025-02-12 19:40:41,923 [INFO] WebApp:477 - Direct internet connection detected
2025-02-12 19:40:41,929 [WARN] PackLoader:240 - Cannot read IP mode file for STMicroelectronics.X-CUBE-NFC9.1.0.0
2025-02-12 19:40:41,992 [WARN] PackLoader:240 - Cannot read IP mode file for STMicroelectronics.X-CUBE-AZRTOS-G0.1.1.0
2025-02-12 19:40:42,020 [WARN] PackLoader:240 - Cannot read IP mode file for STMicroelectronics.X-CUBE-SAFEA1.1.2.2
2025-02-12 19:40:42,035 [WARN] PackLoader:240 - Cannot read IP mode file for STMicroelectronics.X-CUBE-NFC4.3.0.0
2025-02-12 19:40:42,062 [WARN] PackLoader:240 - Cannot read IP mode file for EmbeddedOffice.I-CUBE-FS-RTOS.1.0.1
2025-02-12 19:40:42,078 [WARN] PackLoader:240 - Cannot read IP mode file for STMicroelectronics.X-CUBE-TCPP.4.2.0
2025-02-12 19:40:42,094 [WARN] PackLoader:240 - Cannot read IP mode file for RealThread.X-CUBE-RT-Thread_Nano.4.1.1
2025-02-12 19:40:42,106 [WARN] PackLoader:240 - Cannot read IP mode file for STMicroelectronics.FP-ATR-SIGFOX1.3.2.0
2025-02-12 19:40:42,116 [WARN] ConditionMgr:438 - getConditionDescription Invalid condition id : Cortex-A Device cause : null
2025-02-12 19:40:42,152 [WARN] ConditionMgr:1044 - genDependencies : Invalid condition id : Cortex-A Device cause : null
2025-02-12 19:40:42,152 [WARN] ConditionMgr:1044 - genDependencies : Invalid condition id : Cortex-A Device cause : null
2025-02-12 19:40:42,153 [WARN] ConditionMgr:1044 - genDependencies : Invalid condition id : Cortex-A Device cause : null
2025-02-12 19:40:42,225 [WARN] PackLoader:240 - Cannot read IP mode file for STMicroelectronics.X-CUBE-EEPRMA1.5.1.0
2025-02-12 19:40:42,276 [WARN] PackLoader:240 - Cannot read IP mode file for wolfSSL.I-CUBE-wolfSSL.5.7.6
2025-02-12 19:40:42,291 [WARN] PackLoader:240 - Cannot read IP mode file for ITTIA_DB.I-CUBE-ITTIADB.8.9.0
2025-02-12 19:40:42,364 [WARN] PackLoader:240 - Cannot read IP mode file for SEGGER.I-CUBE-embOS.1.3.1
2025-02-12 19:40:42,485 [WARN] PackLoader:240 - Cannot read IP mode file for STMicroelectronics.X-CUBE-ALGOBUILD.1.4.0
2025-02-12 19:40:42,529 [WARN] PackLoader:240 - Cannot read IP mode file for STMicroelectronics.X-CUBE-AZRTOS-F4.1.1.0
2025-02-12 19:40:42,545 [WARN] PackLoader:240 - Cannot read IP mode file for STMicroelectronics.X-CUBE-ISPU.2.1.0
2025-02-12 19:40:42,585 [WARN] PackLoader:240 - Cannot read IP mode file for STMicroelectronics.X-CUBE-AZRTOS-L5.2.0.0
2025-02-12 19:40:42,610 [WARN] PackLoader:240 - Cannot read IP mode file for STMicroelectronics.X-CUBE-NFC6.3.1.0
2025-02-12 19:40:42,625 [WARN] PackLoader:240 - Cannot read IP mode file for STMicroelectronics.X-CUBE-DPower.1.2.0
2025-02-12 19:40:42,636 [WARN] PackLoader:240 - Cannot read IP mode file for STMicroelectronics.X-CUBE-FREERTOS.1.3.0
2025-02-12 19:40:42,646 [WARN] PackLoader:240 - Cannot read IP mode file for STMicroelectronics.X-CUBE-NFC7.1.0.1
2025-02-12 19:40:42,680 [WARN] ConditionMgr:438 - getConditionDescription Invalid condition id : LAN8742 Phy interface Condition cause : null
2025-02-12 19:40:42,682 [WARN] PackLoader:240 - Cannot read IP mode file for STMicroelectronics.X-CUBE-AZRTOS-L4.2.0.0
2025-02-12 19:40:42,683 [WARN] ConditionMgr:1044 - genDependencies : Invalid condition id : LAN8742 Phy interface Condition cause : null
2025-02-12 19:40:42,684 [WARN] ConditionMgr:1044 - genDependencies : Invalid condition id : LAN8742 Phy interface Condition cause : null
2025-02-12 19:40:42,685 [WARN] ConditionMgr:1044 - genDependencies : Invalid condition id : LAN8742 Phy interface Condition cause : null
2025-02-12 19:40:42,697 [WARN] PackLoader:240 - Cannot read IP mode file for STMicroelectronics.X-CUBE-SFXS2LP1.4.0.0
2025-02-12 19:40:42,748 [WARN] PackLoader:240 - Cannot read IP mode file for STMicroelectronics.X-CUBE-AZRTOS-H7.3.3.0
2025-02-12 19:40:42,781 [WARN] ConditionMgr:438 - getConditionDescription Invalid condition id : UX DEVICE CLASS RTOS Condition cause : null
2025-02-12 19:40:42,781 [WARN] ConditionMgr:438 - getConditionDescription Invalid condition id : UX DEVICE CLASS RTOS Condition cause : null
2025-02-12 19:40:42,788 [WARN] PackLoader:240 - Cannot read IP mode file for STMicroelectronics.X-CUBE-AZRTOS-WB.2.0.0
2025-02-12 19:40:42,788 [WARN] ConditionMgr:1044 - genDependencies : Invalid condition id : UX DEVICE CLASS RTOS Condition cause : null
2025-02-12 19:40:42,789 [WARN] ConditionMgr:1044 - genDependencies : Invalid condition id : UX DEVICE CLASS RTOS Condition cause : null
2025-02-12 19:40:42,791 [WARN] ConditionMgr:1044 - genDependencies : Invalid condition id : UX DEVICE CLASS RTOS Condition cause : null
2025-02-12 19:40:42,791 [WARN] ConditionMgr:1044 - genDependencies : Invalid condition id : UX DEVICE CLASS RTOS Condition cause : null
2025-02-12 19:40:42,792 [WARN] ConditionMgr:1044 - genDependencies : Invalid condition id : UX DEVICE CLASS RTOS Condition cause : null
2025-02-12 19:40:42,803 [WARN] PackLoader:240 - Cannot read IP mode file for STMicroelectronics.X-CUBE-GNSS1.7.0.1
2025-02-12 19:40:42,818 [WARN] PackLoader:240 - Cannot read IP mode file for STMicroelectronics.FP-SNS-STBOX1.2.0.0
2025-02-12 19:40:42,843 [WARN] PackLoader:240 - Cannot read IP mode file for STMicroelectronics.X-CUBE-SUBG2.5.0.0
2025-02-12 19:40:42,857 [INFO] WebApp:221 - Starting web application
2025-02-12 19:40:42,858 [INFO] WebApp:579 - Web application path used C:\ST\STM32CubeIDE_1.17.0\STM32CubeIDE\plugins\com.st.stm32cube.common.mx_6.13.0.202411220809\db\plugins\mcufinder\reactClient1\index.html
2025-02-12 19:40:42,864 [WARN] PackLoader:240 - Cannot read IP mode file for Cesanta.I-CUBE-Mongoose.7.13.0
2025-02-12 19:40:42,881 [INFO] WebApp:187 - Connection restablished
2025-02-12 19:40:42,893 [WARN] PackLoader:240 - Cannot read IP mode file for STMicroelectronics.X-CUBE-AZRTOS-G4.2.0.0
2025-02-12 19:40:42,920 [WARN] PackLoader:240 - Cannot read IP mode file for STMicroelectronics.X-CUBE-IPS.3.1.0
2025-02-12 19:40:42,940 [WARN] PackLoader:240 - Cannot read IP mode file for STMicroelectronics.X-CUBE-ALS.1.0.2
2025-02-12 19:40:42,950 [WARN] PackLoader:240 - Cannot read IP mode file for STMicroelectronics.X-CUBE-TOUCHGFX.4.24.2
2025-02-12 19:40:42,960 [WARN] PackLoader:240 - Cannot read IP mode file for wolfSSL.I-CUBE-wolfTPM.3.4.0
2025-02-12 19:40:42,973 [WARN] PackLoader:240 - Cannot read IP mode file for portGmbH.I-Cube-SoM-uGOAL.1.1.0
2025-02-12 19:40:43,011 [WARN] PackLoader:240 - Cannot read IP mode file for STMicroelectronics.X-CUBE-AZRTOS-H7RS.1.0.0
2025-02-12 19:40:43,036 [WARN] PackLoader:240 - Cannot read IP mode file for STMicroelectronics.X-CUBE-TOF1.3.4.2
2025-02-12 19:40:43,067 [WARN] PackLoader:240 - Cannot read IP mode file for wolfSSL.I-CUBE-wolfSSH.1.4.17
2025-02-12 19:40:43,069 [INFO] ThirdParty:978 - Integrity check success = true
2025-02-12 19:40:43,069 [INFO] IntegrityCheckThread:100 - exiting critical section [integrity check]
2025-02-12 19:40:43,069 [INFO] IntegrityCheckThread:103 - End integrity checks thread
2025-02-12 20:02:52,124 [ERROR] LogOutputStream:75 - [STDERR_REDIRECT] 
2025-02-12 20:03:02,482 [INFO] Activator:176 - 


2025-02-12 20:03:02,484 [INFO] Activator:177 - !SESSION log4j initialized
2025-02-12 20:03:08,143 [INFO] LogOutputStream:77 - [STDOUT_REDIRECT] 
2025-02-12 20:03:09,525 [INFO] ApplicationProperties:184 - Using Application install path: C:\ST\STM32CubeIDE_1.17.0\STM32CubeIDE\plugins\com.st.stm32cube.common.mx_6.13.0.202411220809
2025-02-12 20:03:09,556 [INFO] DbMcusXml:78 - Set database path to: C:\ST\STM32CubeIDE_1.17.0\STM32CubeIDE\plugins\com.st.stm32cube.common.mx_6.13.0.202411220809\\db\/mcu/
2025-02-12 20:03:09,556 [INFO] ApiDb:274 - Set plugin database path to: C:\ST\STM32CubeIDE_1.17.0\STM32CubeIDE\plugins\com.st.stm32cube.common.mx_6.13.0.202411220809\\db\/plugins/boardmanager/
2025-02-12 20:03:09,557 [WARN] ApiDb:259 - Overriding images path with different value:  => C:\ST\STM32CubeIDE_1.17.0\STM32CubeIDE\plugins\com.st.stm32cube.common.mx_6.13.0.202411220809\\db\/plugins/mcufinder/images/
2025-02-12 20:03:09,567 [INFO] ApiDb:250 - Set database path to: C:\Users\young\.stmcufinder\plugins\mcufinder//mcu/
2025-02-12 20:03:09,569 [INFO] DbMcusAds:125 - Set database path to: C:\Users\young\.stmcufinder\plugins\mcufinder//mcu/
2025-02-12 20:03:09,573 [INFO] CrossReferenceDbSqlite:203 - Set database path to: C:\Users\young\.stmcufinder\plugins\mcufinder//mcu/cs/
2025-02-12 20:03:09,770 [INFO] RulesReader:64 - Compatibility file has been processed (297 Rules)
2025-02-12 20:03:09,935 [INFO] DbMcusXml:78 - Set database path to: C:\ST\STM32CubeIDE_1.17.0\STM32CubeIDE\plugins\com.st.stm32cube.common.mx_6.13.0.202411220809\\db\/mcu/
2025-02-12 20:03:09,936 [INFO] ApiDb:274 - Set plugin database path to: C:\ST\STM32CubeIDE_1.17.0\STM32CubeIDE\plugins\com.st.stm32cube.common.mx_6.13.0.202411220809\\db\/plugins/boardmanager/
2025-02-12 20:03:09,936 [INFO] ApiDb:261 - Set plugin images path to: C:\ST\STM32CubeIDE_1.17.0\STM32CubeIDE\plugins\com.st.stm32cube.common.mx_6.13.0.202411220809\\db\/plugins/mcufinder/images/
2025-02-12 20:03:09,936 [WARN] DbFile:41 - Overriding database path with different value: C:\Users\young\.stmcufinder\plugins\mcufinder/ => C:\Users\young\.stmcufinder\plugins\mcufinder
2025-02-12 20:03:09,937 [INFO] ApiDb:250 - Set database path to: C:\Users\young\.stmcufinder\plugins\mcufinder//mcu/
2025-02-12 20:03:09,937 [WARN] DbFile:41 - Overriding database path with different value: C:\Users\young\.stmcufinder\plugins\mcufinder/ => C:\Users\young\.stmcufinder\plugins\mcufinder
2025-02-12 20:03:09,937 [INFO] DbMcusAds:125 - Set database path to: C:\Users\young\.stmcufinder\plugins\mcufinder//mcu/
2025-02-12 20:03:09,937 [WARN] DbFile:41 - Overriding database path with different value: C:\Users\young\.stmcufinder\plugins\mcufinder/ => C:\Users\young\.stmcufinder\plugins\mcufinder
2025-02-12 20:03:09,937 [WARN] DbFile:41 - Overriding database path with different value: C:\Users\young\.stmcufinder\plugins\mcufinder/ => C:\Users\young\.stmcufinder\plugins\mcufinder
2025-02-12 20:03:09,937 [INFO] CrossReferenceDbSqlite:203 - Set database path to: C:\Users\young\.stmcufinder\plugins\mcufinder//mcu/cs/
2025-02-12 20:03:10,049 [INFO] MainPanel:272 - HeapMemory: 268435456
2025-02-12 20:03:10,275 [INFO] DbMcusXml:78 - Set database path to: C:\ST\STM32CubeIDE_1.17.0\STM32CubeIDE\plugins\com.st.stm32cube.common.mx_6.13.0.202411220809\\db\/mcu/
2025-02-12 20:03:10,276 [INFO] ApiDb:274 - Set plugin database path to: C:\ST\STM32CubeIDE_1.17.0\STM32CubeIDE\plugins\com.st.stm32cube.common.mx_6.13.0.202411220809\\db\/plugins/boardmanager/
2025-02-12 20:03:10,276 [INFO] ApiDb:261 - Set plugin images path to: C:\ST\STM32CubeIDE_1.17.0\STM32CubeIDE\plugins\com.st.stm32cube.common.mx_6.13.0.202411220809\\db\/plugins/mcufinder/images/
2025-02-12 20:03:10,277 [WARN] DbFile:41 - Overriding database path with different value: C:\Users\young\.stmcufinder\plugins\mcufinder/ => C:\Users\young\.stmcufinder\plugins\mcufinder
2025-02-12 20:03:10,277 [INFO] ApiDb:250 - Set database path to: C:\Users\young\.stmcufinder\plugins\mcufinder//mcu/
2025-02-12 20:03:10,278 [WARN] DbFile:41 - Overriding database path with different value: C:\Users\young\.stmcufinder\plugins\mcufinder/ => C:\Users\young\.stmcufinder\plugins\mcufinder
2025-02-12 20:03:10,278 [INFO] DbMcusAds:125 - Set database path to: C:\Users\young\.stmcufinder\plugins\mcufinder//mcu/
2025-02-12 20:03:10,278 [WARN] DbFile:41 - Overriding database path with different value: C:\Users\young\.stmcufinder\plugins\mcufinder/ => C:\Users\young\.stmcufinder\plugins\mcufinder
2025-02-12 20:03:10,278 [WARN] DbFile:41 - Overriding database path with different value: C:\Users\young\.stmcufinder\plugins\mcufinder/ => C:\Users\young\.stmcufinder\plugins\mcufinder
2025-02-12 20:03:10,279 [INFO] CrossReferenceDbSqlite:203 - Set database path to: C:\Users\young\.stmcufinder\plugins\mcufinder//mcu/cs/
2025-02-12 20:03:10,312 [INFO] ApplicationProperties:184 - Using Application install path: C:\ST\STM32CubeIDE_1.17.0\STM32CubeIDE\plugins\com.st.stm32cube.common.mx_6.13.0.202411220809
2025-02-12 20:03:10,316 [INFO] PluginManage:196 - Search for loadable plugins [exclusion list=, ]
2025-02-12 20:03:10,319 [INFO] PluginManage:310 - Check plugin analytics
2025-02-12 20:03:10,637 [INFO] AnalyticsPlugin:253 - Accepted Software Licenses: 
2025-02-12 20:03:10,638 [INFO] AnalyticsPlugin:255 - Accepted CMSIS Pack Licenses: 
2025-02-12 20:03:10,638 [INFO] AnalyticsPlugin:257 - Accepted Firmware Licenses: 
2025-02-12 20:03:10,644 [INFO] PluginManage:359 - Loaded plugin analytics (category:tool,tabindex:-1)
2025-02-12 20:03:10,646 [INFO] PluginManage:310 - Check plugin cadmodel
2025-02-12 20:03:10,655 [INFO] CADModel:105 - Init CAD model plugin
2025-02-12 20:03:10,656 [INFO] PluginManage:359 - Loaded plugin cadmodel (category:power,tabindex:5)
2025-02-12 20:03:10,656 [INFO] PluginManage:310 - Check plugin clock
2025-02-12 20:03:10,671 [INFO] PluginManage:359 - Loaded plugin clock (category:base,tabindex:2)
2025-02-12 20:03:10,671 [INFO] PluginManage:310 - Check plugin ddr
2025-02-12 20:03:10,677 [INFO] PluginManage:359 - Loaded plugin ddr (category:tool,tabindex:6)
2025-02-12 20:03:10,677 [INFO] PluginManage:310 - Check plugin filemanager
2025-02-12 20:03:10,869 [INFO] PluginManage:359 - Loaded plugin filemanager (category:base,tabindex:10)
2025-02-12 20:03:10,869 [INFO] PluginManage:310 - Check plugin ipmanager
2025-02-12 20:03:10,878 [INFO] PluginManage:359 - Loaded plugin ipmanager (category:base,tabindex:5)
2025-02-12 20:03:10,878 [INFO] PluginManage:310 - Check plugin lpbam
2025-02-12 20:03:10,885 [INFO] PluginManage:359 - Loaded plugin lpbam (category:base,tabindex:0)
2025-02-12 20:03:10,885 [INFO] PluginManage:310 - Check plugin memorymap
2025-02-12 20:03:10,900 [INFO] PluginManage:359 - Loaded plugin memorymap (category:base,tabindex:4)
2025-02-12 20:03:10,900 [INFO] PluginManage:310 - Check plugin pinoutandconfiguration
2025-02-12 20:03:10,911 [INFO] PluginManage:359 - Loaded plugin pinoutandconfiguration (category:base,tabindex:1)
2025-02-12 20:03:10,911 [INFO] PluginManage:310 - Check plugin pinoutconfig
2025-02-12 20:03:11,026 [WARN] SupportedApi:132 - Cannot load RTOS API schema: s4s-elt-must-match.1: The content of 'definitions' must match (annotation?, (simpleType | complexType)?, (unique | key | keyref)*)). A problem was found starting at: attribute.
2025-02-12 20:03:11,199 [INFO] PluginManage:359 - Loaded plugin pinoutconfig (category:base,tabindex:0)
2025-02-12 20:03:11,199 [INFO] PluginManage:310 - Check plugin power
2025-02-12 20:03:11,211 [INFO] PluginManage:359 - Loaded plugin power (category:power,tabindex:4)
2025-02-12 20:03:11,211 [INFO] PluginManage:310 - Check plugin projectmanager
2025-02-12 20:03:11,235 [INFO] PluginManage:359 - Loaded plugin projectmanager (category:projectmanager,tabindex:4)
2025-02-12 20:03:11,236 [INFO] PluginManage:310 - Check plugin rif
2025-02-12 20:03:11,253 [INFO] PluginManage:359 - Loaded plugin rif (category:base,tabindex:3)
2025-02-12 20:03:11,254 [INFO] PluginManage:310 - Check plugin thirdparty
2025-02-12 20:03:11,413 [INFO] PluginManage:359 - Loaded plugin thirdparty (category:base,tabindex:-1)
2025-02-12 20:03:11,413 [WARN] IntegrityCheckThread:84 - waiting for thirdparty lock release [integrity check]
2025-02-12 20:03:11,413 [INFO] PluginManage:310 - Check plugin tools
2025-02-12 20:03:11,413 [INFO] IntegrityCheckThread:86 - entering critical section [integrity check]
2025-02-12 20:03:11,415 [INFO] ThirdPartyUpdaterWithRetryManager:70 - Updater plugin not ready yet. [1/15]
2025-02-12 20:03:11,420 [INFO] PluginManage:359 - Loaded plugin tools (category:base,tabindex:7)
2025-02-12 20:03:11,420 [INFO] PluginManage:310 - Check plugin tutovideos
2025-02-12 20:03:11,622 [INFO] PluginManage:359 - Loaded plugin tutovideos (category:base,tabindex:-1)
2025-02-12 20:03:11,622 [INFO] PluginManage:310 - Check plugin updater
2025-02-12 20:03:11,652 [INFO] PluginManage:359 - Loaded plugin updater (category:base,tabindex:12)
2025-02-12 20:03:11,652 [INFO] PluginManage:310 - Check plugin userauth
2025-02-12 20:03:11,658 [INFO] UserAuth:118 - Init User Auth plugin
2025-02-12 20:03:11,659 [INFO] PluginManage:359 - Loaded plugin userauth (category:base,tabindex:14)
2025-02-12 20:03:11,659 [INFO] PluginManage:283 - PluginManage : Loaded plugins [18]
2025-02-12 20:03:11,949 [INFO] PinOutPanel:1589 - setPackage(No Configuration,No Configuration)
2025-02-12 20:03:12,080 [INFO] CADModel:165 - CPN selected for project level
2025-02-12 20:03:12,080 [INFO] CADModel:114 - Register for checkConnection events
2025-02-12 20:03:12,109 [INFO] IPUIPlugin:80 - create IPUIPlugin
2025-02-12 20:03:12,109 [INFO] PluginManager:220 - loadIPPluginJar : add adc
2025-02-12 20:03:12,113 [INFO] IPUIPlugin:80 - create IPUIPlugin
2025-02-12 20:03:12,113 [INFO] PluginManager:220 - loadIPPluginJar : add aes
2025-02-12 20:03:12,118 [INFO] IPUIPlugin:80 - create IPUIPlugin
2025-02-12 20:03:12,118 [INFO] PluginManager:220 - loadIPPluginJar : add can
2025-02-12 20:03:12,122 [INFO] IPUIPlugin:80 - create IPUIPlugin
2025-02-12 20:03:12,123 [INFO] PluginManager:220 - loadIPPluginJar : add comp
2025-02-12 20:03:12,127 [INFO] IPUIPlugin:80 - create IPUIPlugin
2025-02-12 20:03:12,127 [INFO] PluginManager:220 - loadIPPluginJar : add cryp
2025-02-12 20:03:12,132 [INFO] IPUIPlugin:80 - create IPUIPlugin
2025-02-12 20:03:12,132 [INFO] PluginManager:220 - loadIPPluginJar : add ddr_ctrl_phy
2025-02-12 20:03:12,135 [INFO] IPUIPlugin:80 - create IPUIPlugin
2025-02-12 20:03:12,136 [INFO] PluginManager:220 - loadIPPluginJar : add dfsdm
2025-02-12 20:03:12,145 [INFO] IPUIPlugin:80 - create IPUIPlugin
2025-02-12 20:03:12,146 [INFO] PluginManager:220 - loadIPPluginJar : add dma
2025-02-12 20:03:12,151 [INFO] IPUIPlugin:80 - create IPUIPlugin
2025-02-12 20:03:12,151 [INFO] PluginManager:220 - loadIPPluginJar : add dma3
2025-02-12 20:03:12,157 [INFO] IPUIPlugin:80 - create IPUIPlugin
2025-02-12 20:03:12,157 [INFO] PluginManager:220 - loadIPPluginJar : add extmemmanager
2025-02-12 20:03:12,160 [INFO] IPUIPlugin:80 - create IPUIPlugin
2025-02-12 20:03:12,161 [INFO] PluginManager:220 - loadIPPluginJar : add fatfs
2025-02-12 20:03:12,168 [INFO] IPUIPlugin:80 - create IPUIPlugin
2025-02-12 20:03:12,168 [INFO] PluginManager:220 - loadIPPluginJar : add fmc
2025-02-12 20:03:12,179 [INFO] IPUIPlugin:80 - create IPUIPlugin
2025-02-12 20:03:12,179 [INFO] PluginManager:220 - loadIPPluginJar : add freertos
2025-02-12 20:03:12,182 [INFO] IPUIPlugin:80 - create IPUIPlugin
2025-02-12 20:03:12,182 [INFO] PluginManager:220 - loadIPPluginJar : add genericplugin
2025-02-12 20:03:12,186 [INFO] IPUIPlugin:80 - create IPUIPlugin
2025-02-12 20:03:12,187 [INFO] PluginManager:220 - loadIPPluginJar : add gfxmmu
2025-02-12 20:03:12,195 [INFO] IPUIPlugin:80 - create IPUIPlugin
2025-02-12 20:03:12,195 [INFO] PluginManager:220 - loadIPPluginJar : add gic
2025-02-12 20:03:12,201 [INFO] IPUIPlugin:80 - create IPUIPlugin
2025-02-12 20:03:12,201 [INFO] PluginManager:220 - loadIPPluginJar : add gpio
2025-02-12 20:03:12,208 [INFO] IPUIPlugin:80 - create IPUIPlugin
2025-02-12 20:03:12,208 [INFO] PluginManager:220 - loadIPPluginJar : add gtzc
2025-02-12 20:03:12,213 [INFO] IPUIPlugin:80 - create IPUIPlugin
2025-02-12 20:03:12,213 [INFO] PluginManager:220 - loadIPPluginJar : add hash
2025-02-12 20:03:12,217 [INFO] IPUIPlugin:80 - create IPUIPlugin
2025-02-12 20:03:12,218 [INFO] PluginManager:220 - loadIPPluginJar : add i2c
2025-02-12 20:03:12,222 [INFO] IPUIPlugin:80 - create IPUIPlugin
2025-02-12 20:03:12,223 [INFO] PluginManager:220 - loadIPPluginJar : add i2s
2025-02-12 20:03:12,228 [INFO] IPUIPlugin:80 - create IPUIPlugin
2025-02-12 20:03:12,228 [INFO] PluginManager:220 - loadIPPluginJar : add i3c
2025-02-12 20:03:12,233 [INFO] IPUIPlugin:80 - create IPUIPlugin
2025-02-12 20:03:12,233 [INFO] PluginManager:220 - loadIPPluginJar : add ipddr
2025-02-12 20:03:12,243 [INFO] IPUIPlugin:80 - create IPUIPlugin
2025-02-12 20:03:12,244 [INFO] PluginManager:220 - loadIPPluginJar : add linkedlist
2025-02-12 20:03:12,249 [INFO] IPUIPlugin:80 - create IPUIPlugin
2025-02-12 20:03:12,249 [INFO] PluginManager:220 - loadIPPluginJar : add lorawan
2025-02-12 20:03:12,251 [INFO] IPUIPlugin:80 - create IPUIPlugin
2025-02-12 20:03:12,251 [INFO] PluginManager:220 - loadIPPluginJar : add ltdc
2025-02-12 20:03:12,260 [INFO] IPUIPlugin:80 - create IPUIPlugin
2025-02-12 20:03:12,261 [INFO] PluginManager:220 - loadIPPluginJar : add mdma
2025-02-12 20:03:12,267 [INFO] IPUIPlugin:80 - create IPUIPlugin
2025-02-12 20:03:12,267 [INFO] PluginManager:220 - loadIPPluginJar : add nvic
2025-02-12 20:03:12,276 [INFO] IPUIPlugin:80 - create IPUIPlugin
2025-02-12 20:03:12,276 [INFO] PluginManager:220 - loadIPPluginJar : add opamp
2025-02-12 20:03:12,281 [INFO] IPUIPlugin:80 - create IPUIPlugin
2025-02-12 20:03:12,282 [INFO] PluginManager:220 - loadIPPluginJar : add openamp
2025-02-12 20:03:12,286 [INFO] IPUIPlugin:80 - create IPUIPlugin
2025-02-12 20:03:12,286 [INFO] PluginManager:220 - loadIPPluginJar : add pdm2pcm
2025-02-12 20:03:12,296 [INFO] IPUIPlugin:80 - create IPUIPlugin
2025-02-12 20:03:12,300 [INFO] PluginManager:220 - loadIPPluginJar : add plateformsettings
2025-02-12 20:03:12,303 [INFO] IPUIPlugin:80 - create IPUIPlugin
2025-02-12 20:03:12,303 [INFO] PluginManager:220 - loadIPPluginJar : add quadspi
2025-02-12 20:03:12,308 [INFO] IPUIPlugin:80 - create IPUIPlugin
2025-02-12 20:03:12,310 [INFO] PluginManager:220 - loadIPPluginJar : add radio
2025-02-12 20:03:12,316 [INFO] IPUIPlugin:80 - create IPUIPlugin
2025-02-12 20:03:12,316 [INFO] PluginManager:220 - loadIPPluginJar : add resmgrutility
2025-02-12 20:03:12,323 [INFO] IPUIPlugin:80 - create IPUIPlugin
2025-02-12 20:03:12,323 [INFO] PluginManager:220 - loadIPPluginJar : add sai
2025-02-12 20:03:12,328 [INFO] IPUIPlugin:80 - create IPUIPlugin
2025-02-12 20:03:12,328 [INFO] PluginManager:220 - loadIPPluginJar : add spi
2025-02-12 20:03:12,336 [INFO] IPUIPlugin:80 - create IPUIPlugin
2025-02-12 20:03:12,336 [INFO] PluginManager:220 - loadIPPluginJar : add stm32_wpan
2025-02-12 20:03:12,340 [INFO] IPUIPlugin:80 - create IPUIPlugin
2025-02-12 20:03:12,340 [INFO] PluginManager:220 - loadIPPluginJar : add tim
2025-02-12 20:03:12,346 [INFO] IPUIPlugin:80 - create IPUIPlugin
2025-02-12 20:03:12,346 [INFO] PluginManager:220 - loadIPPluginJar : add touchsensing
2025-02-12 20:03:12,349 [INFO] IPUIPlugin:80 - create IPUIPlugin
2025-02-12 20:03:12,350 [INFO] PluginManager:220 - loadIPPluginJar : add tracer_emb
2025-02-12 20:03:12,353 [INFO] IPUIPlugin:80 - create IPUIPlugin
2025-02-12 20:03:12,353 [INFO] PluginManager:220 - loadIPPluginJar : add ts
2025-02-12 20:03:12,356 [INFO] IPUIPlugin:80 - create IPUIPlugin
2025-02-12 20:03:12,356 [INFO] PluginManager:220 - loadIPPluginJar : add tsc
2025-02-12 20:03:12,360 [INFO] IPUIPlugin:80 - create IPUIPlugin
2025-02-12 20:03:12,360 [INFO] PluginManager:220 - loadIPPluginJar : add ucpd
2025-02-12 20:03:12,365 [INFO] IPUIPlugin:80 - create IPUIPlugin
2025-02-12 20:03:12,366 [INFO] PluginManager:220 - loadIPPluginJar : add usart
2025-02-12 20:03:12,371 [INFO] IPUIPlugin:80 - create IPUIPlugin
2025-02-12 20:03:12,371 [INFO] PluginManager:220 - loadIPPluginJar : add usbx
2025-02-12 20:03:12,523 [FATAL] Updater:351 - Updater called before beeing initialized
2025-02-12 20:03:12,553 [INFO] RulesReader:64 - Compatibility file has been processed (297 Rules)
2025-02-12 20:03:12,569 [INFO] RulesReader:64 - Compatibility file has been processed (297 Rules)
2025-02-12 20:03:12,580 [INFO] CADModel:165 - CPN selected for project level
2025-02-12 20:03:12,580 [INFO] CADModel:114 - Register for checkConnection events
2025-02-12 20:03:12,580 [FATAL] Updater:351 - Updater called before beeing initialized
2025-02-12 20:03:12,580 [ERROR] CADModel:125 - Updater not yet initialized, retry later 
2025-02-12 20:03:12,764 [FATAL] Updater:351 - Updater called before beeing initialized
2025-02-12 20:03:12,768 [INFO] CADModel:165 - CPN selected for project level
2025-02-12 20:03:12,768 [INFO] CADModel:114 - Register for checkConnection events
2025-02-12 20:03:12,768 [FATAL] Updater:351 - Updater called before beeing initialized
2025-02-12 20:03:12,768 [ERROR] CADModel:125 - Updater not yet initialized, retry later 
2025-02-12 20:03:12,772 [FATAL] Updater:351 - Updater called before beeing initialized
2025-02-12 20:03:12,924 [FATAL] Updater:351 - Updater called before beeing initialized
2025-02-12 20:03:12,931 [INFO] DbMcusAds:53 - JSON generation date=Tue Dec 17 09:01:15 MST 2024 (1734451275111)
2025-02-12 20:03:12,931 [FATAL] Updater:351 - Updater called before beeing initialized
2025-02-12 20:03:12,979 [WARN] DetailPanel:346 - Failed to get advertising image, set to default
2025-02-12 20:03:13,279 [FATAL] Updater:351 - Updater called before beeing initialized
2025-02-12 20:03:13,282 [FATAL] Updater:351 - Updater called before beeing initialized
2025-02-12 20:03:13,282 [FATAL] Updater:351 - Updater called before beeing initialized
2025-02-12 20:03:13,282 [WARN] DetailPanel:346 - Failed to get advertising image, set to default
2025-02-12 20:03:13,283 [FATAL] Updater:351 - Updater called before beeing initialized
2025-02-12 20:03:13,360 [ERROR] Updater:1198 - MainUpdater not yet initialized. External WinMGr cannot be set.
2025-02-12 20:03:13,363 [INFO] Updater:1134 - Updater Version found : 6.13.0
2025-02-12 20:03:13,386 [INFO] ApplicationProperties:184 - Using Application install path: C:\ST\STM32CubeIDE_1.17.0\STM32CubeIDE\plugins\com.st.stm32cube.common.mx_6.13.0.202411220809
2025-02-12 20:03:14,416 [INFO] ThirdPartyUpdaterWithRetryManager:70 - Updater plugin not ready yet. [2/15]
2025-02-12 20:03:14,963 [ERROR] LogOutputStream:75 - [STDERR_REDIRECT] Feb 12, 2025 8:03:14 PM java.util.prefs.WindowsPreferences <init>
2025-02-12 20:03:14,965 [ERROR] LogOutputStream:75 - [STDERR_REDIRECT] WARNING: Could not open/create prefs root node Software\JavaSoft\Prefs at root 0xffffffff80000002. Windows RegCreateKeyEx(...) returned error code 5.
2025-02-12 20:03:14,965 [ERROR] LogOutputStream:75 - [STDERR_REDIRECT] 
2025-02-12 20:03:15,323 [INFO] MainUpdater:2872 - connection check result : 10
2025-02-12 20:03:15,326 [INFO] MainUpdater:289 - Updater Check For Update Now.
2025-02-12 20:03:15,326 [INFO] MicroXplorer:498 - Change Database Version : DB.6.0.130
2025-02-12 20:03:15,333 [INFO] McuFinderGlobals:63 - Set McuFinder mode to 2 (CubeIDE integrated)
2025-02-12 20:03:15,333 [INFO] UserAuth:171 - activating auth plugin
2025-02-12 20:03:15,337 [INFO] UserAuth:486 - Internet connection configuration mode: 1
2025-02-12 20:03:15,375 [INFO] JxBrowserEngine:152 - Initiate JxBrowser Engine with user profile folder
2025-02-12 20:03:15,545 [INFO] CheckServerUpdateThread:120 - End of CheckServer Thread
2025-02-12 20:03:16,361 [INFO] WebApp:168 - Instantiating new browser for Auth
2025-02-12 20:03:17,278 [INFO] WebApp:449 - Apply proxy settings
2025-02-12 20:03:17,278 [INFO] WebApp:534 - Chromium requires no authentication
2025-02-12 20:03:17,297 [INFO] WebApp:477 - Direct internet connection detected
2025-02-12 20:03:17,345 [INFO] WebApp:880 - Register for checkConnection events
2025-02-12 20:03:17,346 [INFO] WebApp:449 - Apply proxy settings
2025-02-12 20:03:17,346 [INFO] WebApp:534 - Chromium requires no authentication
2025-02-12 20:03:17,347 [INFO] WebApp:477 - Direct internet connection detected
2025-02-12 20:03:17,650 [INFO] WebApp:187 - Connection restablished
2025-02-12 20:03:17,743 [INFO] WebApp:221 - Starting web application
2025-02-12 20:03:17,743 [INFO] WebApp:579 - Web application path used C:\ST\STM32CubeIDE_1.17.0\STM32CubeIDE\plugins\com.st.stm32cube.common.mx_6.13.0.202411220809\db\plugins\mcufinder\reactClient1\index.html
2025-02-12 20:03:17,862 [WARN] PackLoader:240 - Cannot read IP mode file for STMicroelectronics.FP-SNS-MOTENVWB1.1.4.0
2025-02-12 20:03:17,942 [WARN] PackLoader:240 - Cannot read IP mode file for STMicroelectronics.FP-ATR-ASTRA1.2.0.1
2025-02-12 20:03:17,989 [WARN] PackLoader:240 - Cannot read IP mode file for STMicroelectronics.X-CUBE-SMBUS.2.1.0
2025-02-12 20:03:18,052 [WARN] PackLoader:240 - Cannot read IP mode file for STMicroelectronics.X-CUBE-WB05N.1.1.0
2025-02-12 20:03:18,440 [WARN] PackLoader:240 - Cannot read IP mode file for STMicroelectronics.X-CUBE-AZRTOS-F7.1.1.0
2025-02-12 20:03:18,513 [WARN] PackLoader:240 - Cannot read IP mode file for STMicroelectronics.FP-SNS-FLIGHT1.5.0.2
2025-02-12 20:03:18,712 [WARN] PackLoader:240 - Cannot read IP mode file for Infineon.AIROC-Wi-Fi-Bluetooth-STM32.1.7.0
2025-02-12 20:03:18,790 [WARN] PackLoader:240 - Cannot read IP mode file for STMicroelectronics.X-CUBE-DISPLAY.3.0.0
2025-02-12 20:03:18,884 [WARN] PackLoader:240 - Cannot read IP mode file for STMicroelectronics.X-CUBE-BLE1.7.0.0
2025-02-12 20:03:18,914 [WARN] PackLoader:240 - Cannot read IP mode file for STMicroelectronics.X-CUBE-NFC10.1.0.0
2025-02-12 20:03:18,971 [WARN] PackLoader:240 - Cannot read IP mode file for STMicroelectronics.X-CUBE-BLEMGR.4.0.0
2025-02-12 20:03:19,032 [WARN] PackLoader:240 - Cannot read IP mode file for emotas.I-CUBE-CANOPEN.1.3.0
2025-02-12 20:03:19,054 [WARN] PackLoader:240 - Cannot read IP mode file for STMicroelectronics.X-CUBE-AI.10.0.0
2025-02-12 20:03:19,070 [WARN] PackLoader:240 - Cannot read IP mode file for STMicroelectronics.FP-SNS-SMARTAG2.1.2.0
2025-02-12 20:03:19,405 [WARN] PackLoader:240 - Cannot read IP mode file for STMicroelectronics.X-CUBE-MEMS1.11.1.0
2025-02-12 20:03:20,141 [INFO] LogOutputStream:77 - [STDOUT_REDIRECT] 1 : Invalid condition id : UX_CORESTACK_Condition cause : null
2025-02-12 20:03:20,143 [INFO] LogOutputStream:77 - [STDOUT_REDIRECT] 1 : Invalid condition id : UX_CORESTACK_Condition cause : null
2025-02-12 20:03:20,146 [INFO] LogOutputStream:77 - [STDOUT_REDIRECT] 1 : Invalid condition id : UX_CORESTACK_Condition cause : null
2025-02-12 20:03:20,149 [INFO] LogOutputStream:77 - [STDOUT_REDIRECT] 1 : Invalid condition id : UX_CORESTACK_Condition cause : null
2025-02-12 20:03:20,152 [INFO] LogOutputStream:77 - [STDOUT_REDIRECT] 1 : Invalid condition id : UX_CORESTACK_Condition cause : null
2025-02-12 20:03:20,159 [WARN] PackLoader:240 - Cannot read IP mode file for STMicroelectronics.X-CUBE-AZRTOS-WL.2.0.0
2025-02-12 20:03:20,172 [WARN] PackLoader:240 - Cannot read IP mode file for STMicroelectronics.FP-SNS-MOTENV1.5.0.0
2025-02-12 20:03:20,188 [WARN] PackLoader:240 - Cannot read IP mode file for wolfSSL.I-CUBE-wolfMQTT.1.19.0
2025-02-12 20:03:20,207 [WARN] PackLoader:240 - Cannot read IP mode file for WES.I-CUBE-Cesium.1.3.0
2025-02-12 20:03:20,216 [WARN] PackLoader:240 - Cannot read IP mode file for STMicroelectronics.X-CUBE-BLE2.3.3.0
2025-02-12 20:03:20,233 [WARN] PackLoader:240 - Cannot read IP mode file for STMicroelectronics.X-CUBE-NFC9.1.0.0
2025-02-12 20:03:20,269 [WARN] PackLoader:240 - Cannot read IP mode file for STMicroelectronics.X-CUBE-AZRTOS-G0.1.1.0
2025-02-12 20:03:20,280 [WARN] PackLoader:240 - Cannot read IP mode file for STMicroelectronics.X-CUBE-SAFEA1.1.2.2
2025-02-12 20:03:20,287 [WARN] PackLoader:240 - Cannot read IP mode file for STMicroelectronics.X-CUBE-NFC4.3.0.0
2025-02-12 20:03:20,304 [WARN] PackLoader:240 - Cannot read IP mode file for EmbeddedOffice.I-CUBE-FS-RTOS.1.0.1
2025-02-12 20:03:20,314 [WARN] PackLoader:240 - Cannot read IP mode file for STMicroelectronics.X-CUBE-TCPP.4.2.0
2025-02-12 20:03:20,324 [WARN] PackLoader:240 - Cannot read IP mode file for RealThread.X-CUBE-RT-Thread_Nano.4.1.1
2025-02-12 20:03:20,333 [WARN] PackLoader:240 - Cannot read IP mode file for STMicroelectronics.FP-ATR-SIGFOX1.3.2.0
2025-02-12 20:03:20,342 [WARN] ConditionMgr:438 - getConditionDescription Invalid condition id : Cortex-A Device cause : null
2025-02-12 20:03:20,388 [WARN] ConditionMgr:1044 - genDependencies : Invalid condition id : Cortex-A Device cause : null
2025-02-12 20:03:20,388 [WARN] ConditionMgr:1044 - genDependencies : Invalid condition id : Cortex-A Device cause : null
2025-02-12 20:03:20,388 [WARN] ConditionMgr:1044 - genDependencies : Invalid condition id : Cortex-A Device cause : null
2025-02-12 20:03:20,398 [WARN] PackLoader:240 - Cannot read IP mode file for STMicroelectronics.X-CUBE-EEPRMA1.5.1.0
2025-02-12 20:03:20,407 [WARN] PackLoader:240 - Cannot read IP mode file for wolfSSL.I-CUBE-wolfSSL.5.7.6
2025-02-12 20:03:20,417 [WARN] PackLoader:240 - Cannot read IP mode file for ITTIA_DB.I-CUBE-ITTIADB.8.9.0
2025-02-12 20:03:20,479 [WARN] PackLoader:240 - Cannot read IP mode file for SEGGER.I-CUBE-embOS.1.3.1
2025-02-12 20:03:20,585 [WARN] PackLoader:240 - Cannot read IP mode file for STMicroelectronics.X-CUBE-ALGOBUILD.1.4.0
2025-02-12 20:03:20,676 [WARN] PackLoader:240 - Cannot read IP mode file for STMicroelectronics.X-CUBE-AZRTOS-F4.1.1.0
2025-02-12 20:03:20,709 [WARN] PackLoader:240 - Cannot read IP mode file for STMicroelectronics.X-CUBE-ISPU.2.1.0
2025-02-12 20:03:20,788 [WARN] PackLoader:240 - Cannot read IP mode file for STMicroelectronics.X-CUBE-AZRTOS-L5.2.0.0
2025-02-12 20:03:20,807 [WARN] PackLoader:240 - Cannot read IP mode file for STMicroelectronics.X-CUBE-NFC6.3.1.0
2025-02-12 20:03:20,824 [WARN] PackLoader:240 - Cannot read IP mode file for STMicroelectronics.X-CUBE-DPower.1.2.0
2025-02-12 20:03:20,836 [WARN] PackLoader:240 - Cannot read IP mode file for STMicroelectronics.X-CUBE-FREERTOS.1.3.0
2025-02-12 20:03:20,848 [WARN] PackLoader:240 - Cannot read IP mode file for STMicroelectronics.X-CUBE-NFC7.1.0.1
2025-02-12 20:03:20,884 [WARN] ConditionMgr:438 - getConditionDescription Invalid condition id : LAN8742 Phy interface Condition cause : null
2025-02-12 20:03:20,885 [WARN] PackLoader:240 - Cannot read IP mode file for STMicroelectronics.X-CUBE-AZRTOS-L4.2.0.0
2025-02-12 20:03:20,888 [WARN] ConditionMgr:1044 - genDependencies : Invalid condition id : LAN8742 Phy interface Condition cause : null
2025-02-12 20:03:20,889 [WARN] ConditionMgr:1044 - genDependencies : Invalid condition id : LAN8742 Phy interface Condition cause : null
2025-02-12 20:03:20,890 [WARN] ConditionMgr:1044 - genDependencies : Invalid condition id : LAN8742 Phy interface Condition cause : null
2025-02-12 20:03:20,913 [WARN] PackLoader:240 - Cannot read IP mode file for STMicroelectronics.X-CUBE-SFXS2LP1.4.0.0
2025-02-12 20:03:20,959 [WARN] PackLoader:240 - Cannot read IP mode file for STMicroelectronics.X-CUBE-AZRTOS-H7.3.3.0
2025-02-12 20:03:20,992 [WARN] ConditionMgr:438 - getConditionDescription Invalid condition id : UX DEVICE CLASS RTOS Condition cause : null
2025-02-12 20:03:20,993 [WARN] ConditionMgr:438 - getConditionDescription Invalid condition id : UX DEVICE CLASS RTOS Condition cause : null
2025-02-12 20:03:20,996 [WARN] PackLoader:240 - Cannot read IP mode file for STMicroelectronics.X-CUBE-AZRTOS-WB.2.0.0
2025-02-12 20:03:20,998 [WARN] ConditionMgr:1044 - genDependencies : Invalid condition id : UX DEVICE CLASS RTOS Condition cause : null
2025-02-12 20:03:20,999 [WARN] ConditionMgr:1044 - genDependencies : Invalid condition id : UX DEVICE CLASS RTOS Condition cause : null
2025-02-12 20:03:21,000 [WARN] ConditionMgr:1044 - genDependencies : Invalid condition id : UX DEVICE CLASS RTOS Condition cause : null
2025-02-12 20:03:21,001 [WARN] ConditionMgr:1044 - genDependencies : Invalid condition id : UX DEVICE CLASS RTOS Condition cause : null
2025-02-12 20:03:21,001 [WARN] ConditionMgr:1044 - genDependencies : Invalid condition id : UX DEVICE CLASS RTOS Condition cause : null
2025-02-12 20:03:21,017 [WARN] PackLoader:240 - Cannot read IP mode file for STMicroelectronics.X-CUBE-GNSS1.7.0.1
2025-02-12 20:03:21,050 [WARN] PackLoader:240 - Cannot read IP mode file for STMicroelectronics.FP-SNS-STBOX1.2.0.0
2025-02-12 20:03:21,086 [WARN] PackLoader:240 - Cannot read IP mode file for STMicroelectronics.X-CUBE-SUBG2.5.0.0
2025-02-12 20:03:21,119 [WARN] PackLoader:240 - Cannot read IP mode file for Cesanta.I-CUBE-Mongoose.7.13.0
2025-02-12 20:03:21,158 [WARN] PackLoader:240 - Cannot read IP mode file for STMicroelectronics.X-CUBE-AZRTOS-G4.2.0.0
2025-02-12 20:03:21,185 [WARN] PackLoader:240 - Cannot read IP mode file for STMicroelectronics.X-CUBE-IPS.3.1.0
2025-02-12 20:03:21,213 [WARN] PackLoader:240 - Cannot read IP mode file for STMicroelectronics.X-CUBE-ALS.1.0.2
2025-02-12 20:03:21,223 [WARN] PackLoader:240 - Cannot read IP mode file for STMicroelectronics.X-CUBE-TOUCHGFX.4.24.2
2025-02-12 20:03:21,232 [WARN] PackLoader:240 - Cannot read IP mode file for wolfSSL.I-CUBE-wolfTPM.3.4.0
2025-02-12 20:03:21,245 [WARN] PackLoader:240 - Cannot read IP mode file for portGmbH.I-Cube-SoM-uGOAL.1.1.0
2025-02-12 20:03:21,278 [WARN] PackLoader:240 - Cannot read IP mode file for STMicroelectronics.X-CUBE-AZRTOS-H7RS.1.0.0
2025-02-12 20:03:21,302 [WARN] PackLoader:240 - Cannot read IP mode file for STMicroelectronics.X-CUBE-TOF1.3.4.2
2025-02-12 20:03:21,326 [WARN] PackLoader:240 - Cannot read IP mode file for wolfSSL.I-CUBE-wolfSSH.1.4.17
2025-02-12 20:03:21,327 [INFO] ThirdParty:978 - Integrity check success = true
2025-02-12 20:03:21,328 [INFO] IntegrityCheckThread:100 - exiting critical section [integrity check]
2025-02-12 20:03:21,328 [INFO] IntegrityCheckThread:103 - End integrity checks thread
2025-02-12 20:10:21,865 [ERROR] LogOutputStream:75 - [STDERR_REDIRECT] 
